<?xml version="1.0" encoding="UTF-8"?>
<!-- Generated by org.testng.reporters.JUnitReportReporter -->
<testsuite hostname="IPLLOANER0319" name="com.pnc.mblapi.automation.api.CardServiceTest" tests="2" failures="0" timestamp="5 May 2017 19:56:39 GMT" time="36.406" errors="0">
  <testcase name="verifyResponseStatus" time="0.004" classname="com.pnc.mblapi.automation.api.CardServiceTest"/>
  <testcase name="verifyCardServiceResponseStatusCode" time="36.402" classname="com.pnc.mblapi.automation.api.CardServiceTest"/>
</testsuite> <!-- com.pnc.mblapi.automation.api.CardServiceTest -->
