<?xml version="1.0" encoding="UTF-8"?>
<!-- Generated by org.testng.reporters.JUnitReportReporter -->
<testsuite hostname="IPLLOANER0319" name="com.pnc.mblapi.automation.api.DeviceEnrollmentServiceTest" tests="3" failures="0" timestamp="5 May 2017 19:56:39 GMT" time="1.413" errors="0">
  <testcase name="verifyDeviceEnrollmentResponseStatus" time="1.324" classname="com.pnc.mblapi.automation.api.DeviceEnrollmentServiceTest"/>
  <testcase name="verifyStatus" time="0.068" classname="com.pnc.mblapi.automation.api.DeviceEnrollmentServiceTest"/>
  <testcase name="verifyDeviceIdfromResponse" time="0.021" classname="com.pnc.mblapi.automation.api.DeviceEnrollmentServiceTest"/>
</testsuite> <!-- com.pnc.mblapi.automation.api.DeviceEnrollmentServiceTest -->
