<?xml version="1.0" encoding="UTF-8"?>
<!-- Generated by org.testng.reporters.JUnitReportReporter -->
<testsuite hostname="IPLLOANER0319" name="com.pnc.mblapi.automation.api.CardEnrollableTest" tests="2" failures="0" timestamp="5 May 2017 19:56:39 GMT" time="36.509" errors="0">
  <testcase name="verifyCardEnrollableResponseStatusCodeTest" time="36.504" classname="com.pnc.mblapi.automation.api.CardEnrollableTest"/>
  <testcase name="verifyStatusOfResponse" time="0.005" classname="com.pnc.mblapi.automation.api.CardEnrollableTest"/>
</testsuite> <!-- com.pnc.mblapi.automation.api.CardEnrollableTest -->
