<?xml version="1.0" encoding="UTF-8"?>
<!-- Generated by org.testng.reporters.JUnitReportReporter -->
<testsuite hostname="IPLLOANER0319" name="com.pnc.mblapi.automation.api.Authentication" tests="1" failures="0" timestamp="5 May 2017 19:56:39 GMT" time="5.575" errors="0">
  <testcase name="loginService" time="5.575" classname="com.pnc.mblapi.automation.api.Authentication"/>
</testsuite> <!-- com.pnc.mblapi.automation.api.Authentication -->
