<?xml version="1.0" encoding="UTF-8"?>
<!-- Generated by org.testng.reporters.JUnitReportReporter -->
<testsuite hostname="IPLLOANER0319" name="com.pnc.mblapi.automation.api.CardServiceTest" tests="2" failures="0" timestamp="5 May 2017 21:46:37 GMT" time="19.340" errors="0">
  <testcase name="verifyCardServiceResponseStatusCode" time="19.337" classname="com.pnc.mblapi.automation.api.CardServiceTest"/>
  <testcase name="verifyResponseStatus" time="0.003" classname="com.pnc.mblapi.automation.api.CardServiceTest"/>
</testsuite> <!-- com.pnc.mblapi.automation.api.CardServiceTest -->
