<?xml version="1.0" encoding="UTF-8"?>
<!-- Generated by org.testng.reporters.JUnitReportReporter -->
<testsuite hostname="IPLLOANER0319" name="com.pnc.mblapi.automation.api.CardEnrollableTest" tests="2" failures="0" timestamp="5 May 2017 21:46:37 GMT" time="11.586" errors="0">
  <testcase name="verifyStatusOfResponse" time="0.002" classname="com.pnc.mblapi.automation.api.CardEnrollableTest"/>
  <testcase name="verifyCardEnrollableResponseStatusCodeTest" time="11.584" classname="com.pnc.mblapi.automation.api.CardEnrollableTest"/>
</testsuite> <!-- com.pnc.mblapi.automation.api.CardEnrollableTest -->
