<?xml version="1.0" encoding="UTF-8"?>
<!-- Generated by org.testng.reporters.JUnitReportReporter -->
<testsuite hostname="IPLLOANER0319" name="com.pnc.mblapi.automation.api.Authentication" tests="1" failures="0" timestamp="9 May 2017 19:48:07 GMT" time="6.110" errors="0">
  <testcase name="loginService" time="6.110" classname="com.pnc.mblapi.automation.api.Authentication"/>
</testsuite> <!-- com.pnc.mblapi.automation.api.Authentication -->
